<?xml version="1.0" encoding="UTF-8"?>
<testsuite xmlns:xsi="http://www.w3.org/2001/XMLSchema-instance" xsi:noNamespaceSchemaLocation="https://maven.apache.org/surefire/maven-surefire-plugin/xsd/surefire-test-report-3.0.xsd" version="3.0" name="GraphParserTest" time="1.785" tests="16" errors="0" skipped="0" failures="0">
  <properties>
[...]
</properties>
  <testcase name="testParseGraph" classname="GraphParserTest" time="0.64">
    <system-out><![CDATA[Number of Nodes: 4
Nodes: [a, b, c, d]
Number of Edges: 3
a -> b
b -> c
c -> d
]]></system-out>
  </testcase>
  <testcase name="testOutputDOTGraph" classname="GraphParserTest" time="0.014">
    <system-out><![CDATA[Node added: A
Node added: B
Edge added: A -> B
Graph exported to DOT file: C:\Users\jacob\AppData\Local\Temp\junit17695828716380405964\output.dot
]]></system-out>
  </testcase>
  <testcase name="testAddEdge" classname="GraphParserTest" time="0.004">
    <system-out><![CDATA[Node added: A
Node added: B
Edge added: A -> B
]]></system-out>
  </testcase>
  <testcase name="testAddNode" classname="GraphParserTest" time="0.005">
    <system-out><![CDATA[Node added: A
Node added: B
Node A already exists!
]]></system-out>
  </testcase>
  <testcase name="testGraphSearchNonExistentNode" classname="GraphParserTest" time="0.003">
    <system-out><![CDATA[Node added: A
Node added: B
One or both nodes not present in the graph.
]]></system-out>
  </testcase>
  <testcase name="testGraphSearchSingleNodePath" classname="GraphParserTest" time="0.003">
    <system-out><![CDATA[Node added: A
]]></system-out>
  </testcase>
  <testcase name="testRemoveNodes" classname="GraphParserTest" time="0.002">
    <system-out><![CDATA[Node added: A
Node added: B
Node added: C
Node removed: A
Node removed: C
]]></system-out>
  </testcase>
  <testcase name="testGraphSearchDFS_NoPath" classname="GraphParserTest" time="0.002">
    <system-out><![CDATA[Node added: A
Node added: B
Node added: C
Edge added: A -> B
]]></system-out>
  </testcase>
  <testcase name="testRemoveEdge" classname="GraphParserTest" time="0.002">
    <system-out><![CDATA[Node added: A
Node added: B
Edge added: A -> B
Edge removed: A -> B
]]></system-out>
  </testcase>
  <testcase name="testRemoveNode" classname="GraphParserTest" time="0.002">
    <system-out><![CDATA[Node added: A
Node added: B
Node removed: A
]]></system-out>
  </testcase>
  <testcase name="testOutputGraphics" classname="GraphParserTest" time="1.068">
    <system-out><![CDATA[Node added: A
Node added: B
Edge added: A -> B
Graph exported to graphics file: C:\Users\jacob\AppData\Local\Temp\junit10340739228526149527\output.png
]]></system-out>
    <system-err><![CDATA[[main] INFO guru.nidi.graphviz.engine.GraphvizCmdLineEngine - input  file:///C:/Users/jacob/AppData/Local/Temp/GraphvizJava/DotEngine3895955809016445099/dotfile.dot
[main] INFO guru.nidi.graphviz.service.CommandLineExecutor - executing command [cmd, /C, dot.exe -Kdot -Tsvg  C:\Users\jacob\AppData\Local\Temp\GraphvizJava\DotEngine3895955809016445099\dotfile.dot -ooutfile.svg]
[main] INFO guru.nidi.graphviz.engine.GraphvizCmdLineEngine - output file:///C:/Users/jacob/AppData/Local/Temp/GraphvizJava/DotEngine3895955809016445099/outfile.svg
]]></system-err>
  </testcase>
  <testcase name="testRemoveNonExistentEdge" classname="GraphParserTest" time="0.003">
    <system-out><![CDATA[Node added: A
Node added: B
]]></system-out>
  </testcase>
  <testcase name="testRemoveNonExistentNode" classname="GraphParserTest" time="0.002"/>
  <testcase name="testGraphSearchNoPathExists" classname="GraphParserTest" time="0.002">
    <system-out><![CDATA[Node added: A
Node added: B
Node added: C
Edge added: A -> B
]]></system-out>
  </testcase>
  <testcase name="testGraphSearchDFS_PathExists" classname="GraphParserTest" time="0.002">
    <system-out><![CDATA[Node added: A
Node added: B
Node added: C
Edge added: A -> B
Edge added: B -> C
]]></system-out>
  </testcase>
  <testcase name="testGraphSearchPathExists" classname="GraphParserTest" time="0.002">
    <system-out><![CDATA[Node added: A
Node added: B
Node added: C
Edge added: A -> B
Edge added: B -> C
]]></system-out>
  </testcase>
</testsuite>