<?xml version="1.0" encoding="UTF-8"?>
<testsuite xmlns:xsi="http://www.w3.org/2001/XMLSchema-instance" xsi:noNamespaceSchemaLocation="https://maven.apache.org/surefire/maven-surefire-plugin/xsd/surefire-test-report-3.0.xsd" version="3.0" name="GraphParserTest" time="1.155" tests="20" errors="0" skipped="0" failures="0">
  <properties>
[...]
</properties>
  <testcase name="testParseGraph" classname="GraphParserTest" time="0.149">
    <system-out><![CDATA[Number of Nodes: 4
Nodes: [a, b, c, d]
Number of Edges: 3
a -> b
b -> c
c -> d
]]></system-out>
  </testcase>
  <testcase name="testOutputDOTGraph" classname="GraphParserTest" time="0.014">
    <system-out><![CDATA[Node added: A
Node added: B
Edge added: A -> B
Graph exported to DOT file: C:\Users\jacob\AppData\Local\Temp\junit17028953058393570617\output.dot
]]></system-out>
  </testcase>
  <testcase name="testAddEdge" classname="GraphParserTest" time="0.003">
    <system-out><![CDATA[Node added: A
Node added: B
Edge added: A -> B
]]></system-out>
  </testcase>
  <testcase name="testAddNode" classname="GraphParserTest" time="0.003">
    <system-out><![CDATA[Node added: A
Node added: B
Node A already exists!
]]></system-out>
  </testcase>
  <testcase name="testGraphSearchNonExistentNode" classname="GraphParserTest" time="0.002">
    <system-out><![CDATA[Node added: A
Node added: B
One or both nodes not present in the graph.
]]></system-out>
  </testcase>
  <testcase name="testGraphSearchLargeGraph" classname="GraphParserTest" time="0.036">
    <system-out><![CDATA[Node added: Node0
Node added: Node1
Edge added: Node0 -> Node1
Node added: Node2
Edge added: Node1 -> Node2
Node added: Node3
Edge added: Node2 -> Node3
Node added: Node4
Edge added: Node3 -> Node4
Node added: Node5
Edge added: Node4 -> Node5
Node added: Node6
Edge added: Node5 -> Node6
Node added: Node7
Edge added: Node6 -> Node7
Node added: Node8
Edge added: Node7 -> Node8
Node added: Node9
Edge added: Node8 -> Node9
Node added: Node10
Edge added: Node9 -> Node10
Node added: Node11
Edge added: Node10 -> Node11
Node added: Node12
Edge added: Node11 -> Node12
Node added: Node13
Edge added: Node12 -> Node13
Node added: Node14
Edge added: Node13 -> Node14
Node added: Node15
Edge added: Node14 -> Node15
Node added: Node16
Edge added: Node15 -> Node16
Node added: Node17
Edge added: Node16 -> Node17
Node added: Node18
Edge added: Node17 -> Node18
Node added: Node19
Edge added: Node18 -> Node19
Node added: Node20
Edge added: Node19 -> Node20
Node added: Node21
Edge added: Node20 -> Node21
Node added: Node22
Edge added: Node21 -> Node22
Node added: Node23
Edge added: Node22 -> Node23
Node added: Node24
Edge added: Node23 -> Node24
Node added: Node25
Edge added: Node24 -> Node25
Node added: Node26
Edge added: Node25 -> Node26
Node added: Node27
Edge added: Node26 -> Node27
Node added: Node28
Edge added: Node27 -> Node28
Node added: Node29
Edge added: Node28 -> Node29
Node added: Node30
Edge added: Node29 -> Node30
Node added: Node31
Edge added: Node30 -> Node31
Node added: Node32
Edge added: Node31 -> Node32
Node added: Node33
Edge added: Node32 -> Node33
Node added: Node34
Edge added: Node33 -> Node34
Node added: Node35
Edge added: Node34 -> Node35
Node added: Node36
Edge added: Node35 -> Node36
Node added: Node37
Edge added: Node36 -> Node37
Node added: Node38
Edge added: Node37 -> Node38
Node added: Node39
Edge added: Node38 -> Node39
Node added: Node40
Edge added: Node39 -> Node40
Node added: Node41
Edge added: Node40 -> Node41
Node added: Node42
Edge added: Node41 -> Node42
Node added: Node43
Edge added: Node42 -> Node43
Node added: Node44
Edge added: Node43 -> Node44
Node added: Node45
Edge added: Node44 -> Node45
Node added: Node46
Edge added: Node45 -> Node46
Node added: Node47
Edge added: Node46 -> Node47
Node added: Node48
Edge added: Node47 -> Node48
Node added: Node49
Edge added: Node48 -> Node49
Node added: Node50
Edge added: Node49 -> Node50
Node added: Node51
Edge added: Node50 -> Node51
Node added: Node52
Edge added: Node51 -> Node52
Node added: Node53
Edge added: Node52 -> Node53
Node added: Node54
Edge added: Node53 -> Node54
Node added: Node55
Edge added: Node54 -> Node55
Node added: Node56
Edge added: Node55 -> Node56
Node added: Node57
Edge added: Node56 -> Node57
Node added: Node58
Edge added: Node57 -> Node58
Node added: Node59
Edge added: Node58 -> Node59
Node added: Node60
Edge added: Node59 -> Node60
Node added: Node61
Edge added: Node60 -> Node61
Node added: Node62
Edge added: Node61 -> Node62
Node added: Node63
Edge added: Node62 -> Node63
Node added: Node64
Edge added: Node63 -> Node64
Node added: Node65
Edge added: Node64 -> Node65
Node added: Node66
Edge added: Node65 -> Node66
Node added: Node67
Edge added: Node66 -> Node67
Node added: Node68
Edge added: Node67 -> Node68
Node added: Node69
Edge added: Node68 -> Node69
Node added: Node70
Edge added: Node69 -> Node70
Node added: Node71
Edge added: Node70 -> Node71
Node added: Node72
Edge added: Node71 -> Node72
Node added: Node73
Edge added: Node72 -> Node73
Node added: Node74
Edge added: Node73 -> Node74
Node added: Node75
Edge added: Node74 -> Node75
Node added: Node76
Edge added: Node75 -> Node76
Node added: Node77
Edge added: Node76 -> Node77
Node added: Node78
Edge added: Node77 -> Node78
Node added: Node79
Edge added: Node78 -> Node79
Node added: Node80
Edge added: Node79 -> Node80
Node added: Node81
Edge added: Node80 -> Node81
Node added: Node82
Edge added: Node81 -> Node82
Node added: Node83
Edge added: Node82 -> Node83
Node added: Node84
Edge added: Node83 -> Node84
Node added: Node85
Edge added: Node84 -> Node85
Node added: Node86
Edge added: Node85 -> Node86
Node added: Node87
Edge added: Node86 -> Node87
Node added: Node88
Edge added: Node87 -> Node88
Node added: Node89
Edge added: Node88 -> Node89
Node added: Node90
Edge added: Node89 -> Node90
Node added: Node91
Edge added: Node90 -> Node91
Node added: Node92
Edge added: Node91 -> Node92
Node added: Node93
Edge added: Node92 -> Node93
Node added: Node94
Edge added: Node93 -> Node94
Node added: Node95
Edge added: Node94 -> Node95
Node added: Node96
Edge added: Node95 -> Node96
Node added: Node97
Edge added: Node96 -> Node97
Node added: Node98
Edge added: Node97 -> Node98
Node added: Node99
Edge added: Node98 -> Node99
Node added: Node100
Edge added: Node99 -> Node100
Node added: Node101
Edge added: Node100 -> Node101
Node added: Node102
Edge added: Node101 -> Node102
Node added: Node103
Edge added: Node102 -> Node103
Node added: Node104
Edge added: Node103 -> Node104
Node added: Node105
Edge added: Node104 -> Node105
Node added: Node106
Edge added: Node105 -> Node106
Node added: Node107
Edge added: Node106 -> Node107
Node added: Node108
Edge added: Node107 -> Node108
Node added: Node109
Edge added: Node108 -> Node109
Node added: Node110
Edge added: Node109 -> Node110
Node added: Node111
Edge added: Node110 -> Node111
Node added: Node112
Edge added: Node111 -> Node112
Node added: Node113
Edge added: Node112 -> Node113
Node added: Node114
Edge added: Node113 -> Node114
Node added: Node115
Edge added: Node114 -> Node115
Node added: Node116
Edge added: Node115 -> Node116
Node added: Node117
Edge added: Node116 -> Node117
Node added: Node118
Edge added: Node117 -> Node118
Node added: Node119
Edge added: Node118 -> Node119
Node added: Node120
Edge added: Node119 -> Node120
Node added: Node121
Edge added: Node120 -> Node121
Node added: Node122
Edge added: Node121 -> Node122
Node added: Node123
Edge added: Node122 -> Node123
Node added: Node124
Edge added: Node123 -> Node124
Node added: Node125
Edge added: Node124 -> Node125
Node added: Node126
Edge added: Node125 -> Node126
Node added: Node127
Edge added: Node126 -> Node127
Node added: Node128
Edge added: Node127 -> Node128
Node added: Node129
Edge added: Node128 -> Node129
Node added: Node130
Edge added: Node129 -> Node130
Node added: Node131
Edge added: Node130 -> Node131
Node added: Node132
Edge added: Node131 -> Node132
Node added: Node133
Edge added: Node132 -> Node133
Node added: Node134
Edge added: Node133 -> Node134
Node added: Node135
Edge added: Node134 -> Node135
Node added: Node136
Edge added: Node135 -> Node136
Node added: Node137
Edge added: Node136 -> Node137
Node added: Node138
Edge added: Node137 -> Node138
Node added: Node139
Edge added: Node138 -> Node139
Node added: Node140
Edge added: Node139 -> Node140
Node added: Node141
Edge added: Node140 -> Node141
Node added: Node142
Edge added: Node141 -> Node142
Node added: Node143
Edge added: Node142 -> Node143
Node added: Node144
Edge added: Node143 -> Node144
Node added: Node145
Edge added: Node144 -> Node145
Node added: Node146
Edge added: Node145 -> Node146
Node added: Node147
Edge added: Node146 -> Node147
Node added: Node148
Edge added: Node147 -> Node148
Node added: Node149
Edge added: Node148 -> Node149
Node added: Node150
Edge added: Node149 -> Node150
Node added: Node151
Edge added: Node150 -> Node151
Node added: Node152
Edge added: Node151 -> Node152
Node added: Node153
Edge added: Node152 -> Node153
Node added: Node154
Edge added: Node153 -> Node154
Node added: Node155
Edge added: Node154 -> Node155
Node added: Node156
Edge added: Node155 -> Node156
Node added: Node157
Edge added: Node156 -> Node157
Node added: Node158
Edge added: Node157 -> Node158
Node added: Node159
Edge added: Node158 -> Node159
Node added: Node160
Edge added: Node159 -> Node160
Node added: Node161
Edge added: Node160 -> Node161
Node added: Node162
Edge added: Node161 -> Node162
Node added: Node163
Edge added: Node162 -> Node163
Node added: Node164
Edge added: Node163 -> Node164
Node added: Node165
Edge added: Node164 -> Node165
Node added: Node166
Edge added: Node165 -> Node166
Node added: Node167
Edge added: Node166 -> Node167
Node added: Node168
Edge added: Node167 -> Node168
Node added: Node169
Edge added: Node168 -> Node169
Node added: Node170
Edge added: Node169 -> Node170
Node added: Node171
Edge added: Node170 -> Node171
Node added: Node172
Edge added: Node171 -> Node172
Node added: Node173
Edge added: Node172 -> Node173
Node added: Node174
Edge added: Node173 -> Node174
Node added: Node175
Edge added: Node174 -> Node175
Node added: Node176
Edge added: Node175 -> Node176
Node added: Node177
Edge added: Node176 -> Node177
Node added: Node178
Edge added: Node177 -> Node178
Node added: Node179
Edge added: Node178 -> Node179
Node added: Node180
Edge added: Node179 -> Node180
Node added: Node181
Edge added: Node180 -> Node181
Node added: Node182
Edge added: Node181 -> Node182
Node added: Node183
Edge added: Node182 -> Node183
Node added: Node184
Edge added: Node183 -> Node184
Node added: Node185
Edge added: Node184 -> Node185
Node added: Node186
Edge added: Node185 -> Node186
Node added: Node187
Edge added: Node186 -> Node187
Node added: Node188
Edge added: Node187 -> Node188
Node added: Node189
Edge added: Node188 -> Node189
Node added: Node190
Edge added: Node189 -> Node190
Node added: Node191
Edge added: Node190 -> Node191
Node added: Node192
Edge added: Node191 -> Node192
Node added: Node193
Edge added: Node192 -> Node193
Node added: Node194
Edge added: Node193 -> Node194
Node added: Node195
Edge added: Node194 -> Node195
Node added: Node196
Edge added: Node195 -> Node196
Node added: Node197
Edge added: Node196 -> Node197
Node added: Node198
Edge added: Node197 -> Node198
Node added: Node199
Edge added: Node198 -> Node199
Node added: Node200
Edge added: Node199 -> Node200
Node added: Node201
Edge added: Node200 -> Node201
Node added: Node202
Edge added: Node201 -> Node202
Node added: Node203
Edge added: Node202 -> Node203
Node added: Node204
Edge added: Node203 -> Node204
Node added: Node205
Edge added: Node204 -> Node205
Node added: Node206
Edge added: Node205 -> Node206
Node added: Node207
Edge added: Node206 -> Node207
Node added: Node208
Edge added: Node207 -> Node208
Node added: Node209
Edge added: Node208 -> Node209
Node added: Node210
Edge added: Node209 -> Node210
Node added: Node211
Edge added: Node210 -> Node211
Node added: Node212
Edge added: Node211 -> Node212
Node added: Node213
Edge added: Node212 -> Node213
Node added: Node214
Edge added: Node213 -> Node214
Node added: Node215
Edge added: Node214 -> Node215
Node added: Node216
Edge added: Node215 -> Node216
Node added: Node217
Edge added: Node216 -> Node217
Node added: Node218
Edge added: Node217 -> Node218
Node added: Node219
Edge added: Node218 -> Node219
Node added: Node220
Edge added: Node219 -> Node220
Node added: Node221
Edge added: Node220 -> Node221
Node added: Node222
Edge added: Node221 -> Node222
Node added: Node223
Edge added: Node222 -> Node223
Node added: Node224
Edge added: Node223 -> Node224
Node added: Node225
Edge added: Node224 -> Node225
Node added: Node226
Edge added: Node225 -> Node226
Node added: Node227
Edge added: Node226 -> Node227
Node added: Node228
Edge added: Node227 -> Node228
Node added: Node229
Edge added: Node228 -> Node229
Node added: Node230
Edge added: Node229 -> Node230
Node added: Node231
Edge added: Node230 -> Node231
Node added: Node232
Edge added: Node231 -> Node232
Node added: Node233
Edge added: Node232 -> Node233
Node added: Node234
Edge added: Node233 -> Node234
Node added: Node235
Edge added: Node234 -> Node235
Node added: Node236
Edge added: Node235 -> Node236
Node added: Node237
Edge added: Node236 -> Node237
Node added: Node238
Edge added: Node237 -> Node238
Node added: Node239
Edge added: Node238 -> Node239
Node added: Node240
Edge added: Node239 -> Node240
Node added: Node241
Edge added: Node240 -> Node241
Node added: Node242
Edge added: Node241 -> Node242
Node added: Node243
Edge added: Node242 -> Node243
Node added: Node244
Edge added: Node243 -> Node244
Node added: Node245
Edge added: Node244 -> Node245
Node added: Node246
Edge added: Node245 -> Node246
Node added: Node247
Edge added: Node246 -> Node247
Node added: Node248
Edge added: Node247 -> Node248
Node added: Node249
Edge added: Node248 -> Node249
Node added: Node250
Edge added: Node249 -> Node250
Node added: Node251
Edge added: Node250 -> Node251
Node added: Node252
Edge added: Node251 -> Node252
Node added: Node253
Edge added: Node252 -> Node253
Node added: Node254
Edge added: Node253 -> Node254
Node added: Node255
Edge added: Node254 -> Node255
Node added: Node256
Edge added: Node255 -> Node256
Node added: Node257
Edge added: Node256 -> Node257
Node added: Node258
Edge added: Node257 -> Node258
Node added: Node259
Edge added: Node258 -> Node259
Node added: Node260
Edge added: Node259 -> Node260
Node added: Node261
Edge added: Node260 -> Node261
Node added: Node262
Edge added: Node261 -> Node262
Node added: Node263
Edge added: Node262 -> Node263
Node added: Node264
Edge added: Node263 -> Node264
Node added: Node265
Edge added: Node264 -> Node265
Node added: Node266
Edge added: Node265 -> Node266
Node added: Node267
Edge added: Node266 -> Node267
Node added: Node268
Edge added: Node267 -> Node268
Node added: Node269
Edge added: Node268 -> Node269
Node added: Node270
Edge added: Node269 -> Node270
Node added: Node271
Edge added: Node270 -> Node271
Node added: Node272
Edge added: Node271 -> Node272
Node added: Node273
Edge added: Node272 -> Node273
Node added: Node274
Edge added: Node273 -> Node274
Node added: Node275
Edge added: Node274 -> Node275
Node added: Node276
Edge added: Node275 -> Node276
Node added: Node277
Edge added: Node276 -> Node277
Node added: Node278
Edge added: Node277 -> Node278
Node added: Node279
Edge added: Node278 -> Node279
Node added: Node280
Edge added: Node279 -> Node280
Node added: Node281
Edge added: Node280 -> Node281
Node added: Node282
Edge added: Node281 -> Node282
Node added: Node283
Edge added: Node282 -> Node283
Node added: Node284
Edge added: Node283 -> Node284
Node added: Node285
Edge added: Node284 -> Node285
Node added: Node286
Edge added: Node285 -> Node286
Node added: Node287
Edge added: Node286 -> Node287
Node added: Node288
Edge added: Node287 -> Node288
Node added: Node289
Edge added: Node288 -> Node289
Node added: Node290
Edge added: Node289 -> Node290
Node added: Node291
Edge added: Node290 -> Node291
Node added: Node292
Edge added: Node291 -> Node292
Node added: Node293
Edge added: Node292 -> Node293
Node added: Node294
Edge added: Node293 -> Node294
Node added: Node295
Edge added: Node294 -> Node295
Node added: Node296
Edge added: Node295 -> Node296
Node added: Node297
Edge added: Node296 -> Node297
Node added: Node298
Edge added: Node297 -> Node298
Node added: Node299
Edge added: Node298 -> Node299
Node added: Node300
Edge added: Node299 -> Node300
Node added: Node301
Edge added: Node300 -> Node301
Node added: Node302
Edge added: Node301 -> Node302
Node added: Node303
Edge added: Node302 -> Node303
Node added: Node304
Edge added: Node303 -> Node304
Node added: Node305
Edge added: Node304 -> Node305
Node added: Node306
Edge added: Node305 -> Node306
Node added: Node307
Edge added: Node306 -> Node307
Node added: Node308
Edge added: Node307 -> Node308
Node added: Node309
Edge added: Node308 -> Node309
Node added: Node310
Edge added: Node309 -> Node310
Node added: Node311
Edge added: Node310 -> Node311
Node added: Node312
Edge added: Node311 -> Node312
Node added: Node313
Edge added: Node312 -> Node313
Node added: Node314
Edge added: Node313 -> Node314
Node added: Node315
Edge added: Node314 -> Node315
Node added: Node316
Edge added: Node315 -> Node316
Node added: Node317
Edge added: Node316 -> Node317
Node added: Node318
Edge added: Node317 -> Node318
Node added: Node319
Edge added: Node318 -> Node319
Node added: Node320
Edge added: Node319 -> Node320
Node added: Node321
Edge added: Node320 -> Node321
Node added: Node322
Edge added: Node321 -> Node322
Node added: Node323
Edge added: Node322 -> Node323
Node added: Node324
Edge added: Node323 -> Node324
Node added: Node325
Edge added: Node324 -> Node325
Node added: Node326
Edge added: Node325 -> Node326
Node added: Node327
Edge added: Node326 -> Node327
Node added: Node328
Edge added: Node327 -> Node328
Node added: Node329
Edge added: Node328 -> Node329
Node added: Node330
Edge added: Node329 -> Node330
Node added: Node331
Edge added: Node330 -> Node331
Node added: Node332
Edge added: Node331 -> Node332
Node added: Node333
Edge added: Node332 -> Node333
Node added: Node334
Edge added: Node333 -> Node334
Node added: Node335
Edge added: Node334 -> Node335
Node added: Node336
Edge added: Node335 -> Node336
Node added: Node337
Edge added: Node336 -> Node337
Node added: Node338
Edge added: Node337 -> Node338
Node added: Node339
Edge added: Node338 -> Node339
Node added: Node340
Edge added: Node339 -> Node340
Node added: Node341
Edge added: Node340 -> Node341
Node added: Node342
Edge added: Node341 -> Node342
Node added: Node343
Edge added: Node342 -> Node343
Node added: Node344
Edge added: Node343 -> Node344
Node added: Node345
Edge added: Node344 -> Node345
Node added: Node346
Edge added: Node345 -> Node346
Node added: Node347
Edge added: Node346 -> Node347
Node added: Node348
Edge added: Node347 -> Node348
Node added: Node349
Edge added: Node348 -> Node349
Node added: Node350
Edge added: Node349 -> Node350
Node added: Node351
Edge added: Node350 -> Node351
Node added: Node352
Edge added: Node351 -> Node352
Node added: Node353
Edge added: Node352 -> Node353
Node added: Node354
Edge added: Node353 -> Node354
Node added: Node355
Edge added: Node354 -> Node355
Node added: Node356
Edge added: Node355 -> Node356
Node added: Node357
Edge added: Node356 -> Node357
Node added: Node358
Edge added: Node357 -> Node358
Node added: Node359
Edge added: Node358 -> Node359
Node added: Node360
Edge added: Node359 -> Node360
Node added: Node361
Edge added: Node360 -> Node361
Node added: Node362
Edge added: Node361 -> Node362
Node added: Node363
Edge added: Node362 -> Node363
Node added: Node364
Edge added: Node363 -> Node364
Node added: Node365
Edge added: Node364 -> Node365
Node added: Node366
Edge added: Node365 -> Node366
Node added: Node367
Edge added: Node366 -> Node367
Node added: Node368
Edge added: Node367 -> Node368
Node added: Node369
Edge added: Node368 -> Node369
Node added: Node370
Edge added: Node369 -> Node370
Node added: Node371
Edge added: Node370 -> Node371
Node added: Node372
Edge added: Node371 -> Node372
Node added: Node373
Edge added: Node372 -> Node373
Node added: Node374
Edge added: Node373 -> Node374
Node added: Node375
Edge added: Node374 -> Node375
Node added: Node376
Edge added: Node375 -> Node376
Node added: Node377
Edge added: Node376 -> Node377
Node added: Node378
Edge added: Node377 -> Node378
Node added: Node379
Edge added: Node378 -> Node379
Node added: Node380
Edge added: Node379 -> Node380
Node added: Node381
Edge added: Node380 -> Node381
Node added: Node382
Edge added: Node381 -> Node382
Node added: Node383
Edge added: Node382 -> Node383
Node added: Node384
Edge added: Node383 -> Node384
Node added: Node385
Edge added: Node384 -> Node385
Node added: Node386
Edge added: Node385 -> Node386
Node added: Node387
Edge added: Node386 -> Node387
Node added: Node388
Edge added: Node387 -> Node388
Node added: Node389
Edge added: Node388 -> Node389
Node added: Node390
Edge added: Node389 -> Node390
Node added: Node391
Edge added: Node390 -> Node391
Node added: Node392
Edge added: Node391 -> Node392
Node added: Node393
Edge added: Node392 -> Node393
Node added: Node394
Edge added: Node393 -> Node394
Node added: Node395
Edge added: Node394 -> Node395
Node added: Node396
Edge added: Node395 -> Node396
Node added: Node397
Edge added: Node396 -> Node397
Node added: Node398
Edge added: Node397 -> Node398
Node added: Node399
Edge added: Node398 -> Node399
Node added: Node400
Edge added: Node399 -> Node400
Node added: Node401
Edge added: Node400 -> Node401
Node added: Node402
Edge added: Node401 -> Node402
Node added: Node403
Edge added: Node402 -> Node403
Node added: Node404
Edge added: Node403 -> Node404
Node added: Node405
Edge added: Node404 -> Node405
Node added: Node406
Edge added: Node405 -> Node406
Node added: Node407
Edge added: Node406 -> Node407
Node added: Node408
Edge added: Node407 -> Node408
Node added: Node409
Edge added: Node408 -> Node409
Node added: Node410
Edge added: Node409 -> Node410
Node added: Node411
Edge added: Node410 -> Node411
Node added: Node412
Edge added: Node411 -> Node412
Node added: Node413
Edge added: Node412 -> Node413
Node added: Node414
Edge added: Node413 -> Node414
Node added: Node415
Edge added: Node414 -> Node415
Node added: Node416
Edge added: Node415 -> Node416
Node added: Node417
Edge added: Node416 -> Node417
Node added: Node418
Edge added: Node417 -> Node418
Node added: Node419
Edge added: Node418 -> Node419
Node added: Node420
Edge added: Node419 -> Node420
Node added: Node421
Edge added: Node420 -> Node421
Node added: Node422
Edge added: Node421 -> Node422
Node added: Node423
Edge added: Node422 -> Node423
Node added: Node424
Edge added: Node423 -> Node424
Node added: Node425
Edge added: Node424 -> Node425
Node added: Node426
Edge added: Node425 -> Node426
Node added: Node427
Edge added: Node426 -> Node427
Node added: Node428
Edge added: Node427 -> Node428
Node added: Node429
Edge added: Node428 -> Node429
Node added: Node430
Edge added: Node429 -> Node430
Node added: Node431
Edge added: Node430 -> Node431
Node added: Node432
Edge added: Node431 -> Node432
Node added: Node433
Edge added: Node432 -> Node433
Node added: Node434
Edge added: Node433 -> Node434
Node added: Node435
Edge added: Node434 -> Node435
Node added: Node436
Edge added: Node435 -> Node436
Node added: Node437
Edge added: Node436 -> Node437
Node added: Node438
Edge added: Node437 -> Node438
Node added: Node439
Edge added: Node438 -> Node439
Node added: Node440
Edge added: Node439 -> Node440
Node added: Node441
Edge added: Node440 -> Node441
Node added: Node442
Edge added: Node441 -> Node442
Node added: Node443
Edge added: Node442 -> Node443
Node added: Node444
Edge added: Node443 -> Node444
Node added: Node445
Edge added: Node444 -> Node445
Node added: Node446
Edge added: Node445 -> Node446
Node added: Node447
Edge added: Node446 -> Node447
Node added: Node448
Edge added: Node447 -> Node448
Node added: Node449
Edge added: Node448 -> Node449
Node added: Node450
Edge added: Node449 -> Node450
Node added: Node451
Edge added: Node450 -> Node451
Node added: Node452
Edge added: Node451 -> Node452
Node added: Node453
Edge added: Node452 -> Node453
Node added: Node454
Edge added: Node453 -> Node454
Node added: Node455
Edge added: Node454 -> Node455
Node added: Node456
Edge added: Node455 -> Node456
Node added: Node457
Edge added: Node456 -> Node457
Node added: Node458
Edge added: Node457 -> Node458
Node added: Node459
Edge added: Node458 -> Node459
Node added: Node460
Edge added: Node459 -> Node460
Node added: Node461
Edge added: Node460 -> Node461
Node added: Node462
Edge added: Node461 -> Node462
Node added: Node463
Edge added: Node462 -> Node463
Node added: Node464
Edge added: Node463 -> Node464
Node added: Node465
Edge added: Node464 -> Node465
Node added: Node466
Edge added: Node465 -> Node466
Node added: Node467
Edge added: Node466 -> Node467
Node added: Node468
Edge added: Node467 -> Node468
Node added: Node469
Edge added: Node468 -> Node469
Node added: Node470
Edge added: Node469 -> Node470
Node added: Node471
Edge added: Node470 -> Node471
Node added: Node472
Edge added: Node471 -> Node472
Node added: Node473
Edge added: Node472 -> Node473
Node added: Node474
Edge added: Node473 -> Node474
Node added: Node475
Edge added: Node474 -> Node475
Node added: Node476
Edge added: Node475 -> Node476
Node added: Node477
Edge added: Node476 -> Node477
Node added: Node478
Edge added: Node477 -> Node478
Node added: Node479
Edge added: Node478 -> Node479
Node added: Node480
Edge added: Node479 -> Node480
Node added: Node481
Edge added: Node480 -> Node481
Node added: Node482
Edge added: Node481 -> Node482
Node added: Node483
Edge added: Node482 -> Node483
Node added: Node484
Edge added: Node483 -> Node484
Node added: Node485
Edge added: Node484 -> Node485
Node added: Node486
Edge added: Node485 -> Node486
Node added: Node487
Edge added: Node486 -> Node487
Node added: Node488
Edge added: Node487 -> Node488
Node added: Node489
Edge added: Node488 -> Node489
Node added: Node490
Edge added: Node489 -> Node490
Node added: Node491
Edge added: Node490 -> Node491
Node added: Node492
Edge added: Node491 -> Node492
Node added: Node493
Edge added: Node492 -> Node493
Node added: Node494
Edge added: Node493 -> Node494
Node added: Node495
Edge added: Node494 -> Node495
Node added: Node496
Edge added: Node495 -> Node496
Node added: Node497
Edge added: Node496 -> Node497
Node added: Node498
Edge added: Node497 -> Node498
Node added: Node499
Edge added: Node498 -> Node499
Node added: Node500
Edge added: Node499 -> Node500
Node added: Node501
Edge added: Node500 -> Node501
Node added: Node502
Edge added: Node501 -> Node502
Node added: Node503
Edge added: Node502 -> Node503
Node added: Node504
Edge added: Node503 -> Node504
Node added: Node505
Edge added: Node504 -> Node505
Node added: Node506
Edge added: Node505 -> Node506
Node added: Node507
Edge added: Node506 -> Node507
Node added: Node508
Edge added: Node507 -> Node508
Node added: Node509
Edge added: Node508 -> Node509
Node added: Node510
Edge added: Node509 -> Node510
Node added: Node511
Edge added: Node510 -> Node511
Node added: Node512
Edge added: Node511 -> Node512
Node added: Node513
Edge added: Node512 -> Node513
Node added: Node514
Edge added: Node513 -> Node514
Node added: Node515
Edge added: Node514 -> Node515
Node added: Node516
Edge added: Node515 -> Node516
Node added: Node517
Edge added: Node516 -> Node517
Node added: Node518
Edge added: Node517 -> Node518
Node added: Node519
Edge added: Node518 -> Node519
Node added: Node520
Edge added: Node519 -> Node520
Node added: Node521
Edge added: Node520 -> Node521
Node added: Node522
Edge added: Node521 -> Node522
Node added: Node523
Edge added: Node522 -> Node523
Node added: Node524
Edge added: Node523 -> Node524
Node added: Node525
Edge added: Node524 -> Node525
Node added: Node526
Edge added: Node525 -> Node526
Node added: Node527
Edge added: Node526 -> Node527
Node added: Node528
Edge added: Node527 -> Node528
Node added: Node529
Edge added: Node528 -> Node529
Node added: Node530
Edge added: Node529 -> Node530
Node added: Node531
Edge added: Node530 -> Node531
Node added: Node532
Edge added: Node531 -> Node532
Node added: Node533
Edge added: Node532 -> Node533
Node added: Node534
Edge added: Node533 -> Node534
Node added: Node535
Edge added: Node534 -> Node535
Node added: Node536
Edge added: Node535 -> Node536
Node added: Node537
Edge added: Node536 -> Node537
Node added: Node538
Edge added: Node537 -> Node538
Node added: Node539
Edge added: Node538 -> Node539
Node added: Node540
Edge added: Node539 -> Node540
Node added: Node541
Edge added: Node540 -> Node541
Node added: Node542
Edge added: Node541 -> Node542
Node added: Node543
Edge added: Node542 -> Node543
Node added: Node544
Edge added: Node543 -> Node544
Node added: Node545
Edge added: Node544 -> Node545
Node added: Node546
Edge added: Node545 -> Node546
Node added: Node547
Edge added: Node546 -> Node547
Node added: Node548
Edge added: Node547 -> Node548
Node added: Node549
Edge added: Node548 -> Node549
Node added: Node550
Edge added: Node549 -> Node550
Node added: Node551
Edge added: Node550 -> Node551
Node added: Node552
Edge added: Node551 -> Node552
Node added: Node553
Edge added: Node552 -> Node553
Node added: Node554
Edge added: Node553 -> Node554
Node added: Node555
Edge added: Node554 -> Node555
Node added: Node556
Edge added: Node555 -> Node556
Node added: Node557
Edge added: Node556 -> Node557
Node added: Node558
Edge added: Node557 -> Node558
Node added: Node559
Edge added: Node558 -> Node559
Node added: Node560
Edge added: Node559 -> Node560
Node added: Node561
Edge added: Node560 -> Node561
Node added: Node562
Edge added: Node561 -> Node562
Node added: Node563
Edge added: Node562 -> Node563
Node added: Node564
Edge added: Node563 -> Node564
Node added: Node565
Edge added: Node564 -> Node565
Node added: Node566
Edge added: Node565 -> Node566
Node added: Node567
Edge added: Node566 -> Node567
Node added: Node568
Edge added: Node567 -> Node568
Node added: Node569
Edge added: Node568 -> Node569
Node added: Node570
Edge added: Node569 -> Node570
Node added: Node571
Edge added: Node570 -> Node571
Node added: Node572
Edge added: Node571 -> Node572
Node added: Node573
Edge added: Node572 -> Node573
Node added: Node574
Edge added: Node573 -> Node574
Node added: Node575
Edge added: Node574 -> Node575
Node added: Node576
Edge added: Node575 -> Node576
Node added: Node577
Edge added: Node576 -> Node577
Node added: Node578
Edge added: Node577 -> Node578
Node added: Node579
Edge added: Node578 -> Node579
Node added: Node580
Edge added: Node579 -> Node580
Node added: Node581
Edge added: Node580 -> Node581
Node added: Node582
Edge added: Node581 -> Node582
Node added: Node583
Edge added: Node582 -> Node583
Node added: Node584
Edge added: Node583 -> Node584
Node added: Node585
Edge added: Node584 -> Node585
Node added: Node586
Edge added: Node585 -> Node586
Node added: Node587
Edge added: Node586 -> Node587
Node added: Node588
Edge added: Node587 -> Node588
Node added: Node589
Edge added: Node588 -> Node589
Node added: Node590
Edge added: Node589 -> Node590
Node added: Node591
Edge added: Node590 -> Node591
Node added: Node592
Edge added: Node591 -> Node592
Node added: Node593
Edge added: Node592 -> Node593
Node added: Node594
Edge added: Node593 -> Node594
Node added: Node595
Edge added: Node594 -> Node595
Node added: Node596
Edge added: Node595 -> Node596
Node added: Node597
Edge added: Node596 -> Node597
Node added: Node598
Edge added: Node597 -> Node598
Node added: Node599
Edge added: Node598 -> Node599
Node added: Node600
Edge added: Node599 -> Node600
Node added: Node601
Edge added: Node600 -> Node601
Node added: Node602
Edge added: Node601 -> Node602
Node added: Node603
Edge added: Node602 -> Node603
Node added: Node604
Edge added: Node603 -> Node604
Node added: Node605
Edge added: Node604 -> Node605
Node added: Node606
Edge added: Node605 -> Node606
Node added: Node607
Edge added: Node606 -> Node607
Node added: Node608
Edge added: Node607 -> Node608
Node added: Node609
Edge added: Node608 -> Node609
Node added: Node610
Edge added: Node609 -> Node610
Node added: Node611
Edge added: Node610 -> Node611
Node added: Node612
Edge added: Node611 -> Node612
Node added: Node613
Edge added: Node612 -> Node613
Node added: Node614
Edge added: Node613 -> Node614
Node added: Node615
Edge added: Node614 -> Node615
Node added: Node616
Edge added: Node615 -> Node616
Node added: Node617
Edge added: Node616 -> Node617
Node added: Node618
Edge added: Node617 -> Node618
Node added: Node619
Edge added: Node618 -> Node619
Node added: Node620
Edge added: Node619 -> Node620
Node added: Node621
Edge added: Node620 -> Node621
Node added: Node622
Edge added: Node621 -> Node622
Node added: Node623
Edge added: Node622 -> Node623
Node added: Node624
Edge added: Node623 -> Node624
Node added: Node625
Edge added: Node624 -> Node625
Node added: Node626
Edge added: Node625 -> Node626
Node added: Node627
Edge added: Node626 -> Node627
Node added: Node628
Edge added: Node627 -> Node628
Node added: Node629
Edge added: Node628 -> Node629
Node added: Node630
Edge added: Node629 -> Node630
Node added: Node631
Edge added: Node630 -> Node631
Node added: Node632
Edge added: Node631 -> Node632
Node added: Node633
Edge added: Node632 -> Node633
Node added: Node634
Edge added: Node633 -> Node634
Node added: Node635
Edge added: Node634 -> Node635
Node added: Node636
Edge added: Node635 -> Node636
Node added: Node637
Edge added: Node636 -> Node637
Node added: Node638
Edge added: Node637 -> Node638
Node added: Node639
Edge added: Node638 -> Node639
Node added: Node640
Edge added: Node639 -> Node640
Node added: Node641
Edge added: Node640 -> Node641
Node added: Node642
Edge added: Node641 -> Node642
Node added: Node643
Edge added: Node642 -> Node643
Node added: Node644
Edge added: Node643 -> Node644
Node added: Node645
Edge added: Node644 -> Node645
Node added: Node646
Edge added: Node645 -> Node646
Node added: Node647
Edge added: Node646 -> Node647
Node added: Node648
Edge added: Node647 -> Node648
Node added: Node649
Edge added: Node648 -> Node649
Node added: Node650
Edge added: Node649 -> Node650
Node added: Node651
Edge added: Node650 -> Node651
Node added: Node652
Edge added: Node651 -> Node652
Node added: Node653
Edge added: Node652 -> Node653
Node added: Node654
Edge added: Node653 -> Node654
Node added: Node655
Edge added: Node654 -> Node655
Node added: Node656
Edge added: Node655 -> Node656
Node added: Node657
Edge added: Node656 -> Node657
Node added: Node658
Edge added: Node657 -> Node658
Node added: Node659
Edge added: Node658 -> Node659
Node added: Node660
Edge added: Node659 -> Node660
Node added: Node661
Edge added: Node660 -> Node661
Node added: Node662
Edge added: Node661 -> Node662
Node added: Node663
Edge added: Node662 -> Node663
Node added: Node664
Edge added: Node663 -> Node664
Node added: Node665
Edge added: Node664 -> Node665
Node added: Node666
Edge added: Node665 -> Node666
Node added: Node667
Edge added: Node666 -> Node667
Node added: Node668
Edge added: Node667 -> Node668
Node added: Node669
Edge added: Node668 -> Node669
Node added: Node670
Edge added: Node669 -> Node670
Node added: Node671
Edge added: Node670 -> Node671
Node added: Node672
Edge added: Node671 -> Node672
Node added: Node673
Edge added: Node672 -> Node673
Node added: Node674
Edge added: Node673 -> Node674
Node added: Node675
Edge added: Node674 -> Node675
Node added: Node676
Edge added: Node675 -> Node676
Node added: Node677
Edge added: Node676 -> Node677
Node added: Node678
Edge added: Node677 -> Node678
Node added: Node679
Edge added: Node678 -> Node679
Node added: Node680
Edge added: Node679 -> Node680
Node added: Node681
Edge added: Node680 -> Node681
Node added: Node682
Edge added: Node681 -> Node682
Node added: Node683
Edge added: Node682 -> Node683
Node added: Node684
Edge added: Node683 -> Node684
Node added: Node685
Edge added: Node684 -> Node685
Node added: Node686
Edge added: Node685 -> Node686
Node added: Node687
Edge added: Node686 -> Node687
Node added: Node688
Edge added: Node687 -> Node688
Node added: Node689
Edge added: Node688 -> Node689
Node added: Node690
Edge added: Node689 -> Node690
Node added: Node691
Edge added: Node690 -> Node691
Node added: Node692
Edge added: Node691 -> Node692
Node added: Node693
Edge added: Node692 -> Node693
Node added: Node694
Edge added: Node693 -> Node694
Node added: Node695
Edge added: Node694 -> Node695
Node added: Node696
Edge added: Node695 -> Node696
Node added: Node697
Edge added: Node696 -> Node697
Node added: Node698
Edge added: Node697 -> Node698
Node added: Node699
Edge added: Node698 -> Node699
Node added: Node700
Edge added: Node699 -> Node700
Node added: Node701
Edge added: Node700 -> Node701
Node added: Node702
Edge added: Node701 -> Node702
Node added: Node703
Edge added: Node702 -> Node703
Node added: Node704
Edge added: Node703 -> Node704
Node added: Node705
Edge added: Node704 -> Node705
Node added: Node706
Edge added: Node705 -> Node706
Node added: Node707
Edge added: Node706 -> Node707
Node added: Node708
Edge added: Node707 -> Node708
Node added: Node709
Edge added: Node708 -> Node709
Node added: Node710
Edge added: Node709 -> Node710
Node added: Node711
Edge added: Node710 -> Node711
Node added: Node712
Edge added: Node711 -> Node712
Node added: Node713
Edge added: Node712 -> Node713
Node added: Node714
Edge added: Node713 -> Node714
Node added: Node715
Edge added: Node714 -> Node715
Node added: Node716
Edge added: Node715 -> Node716
Node added: Node717
Edge added: Node716 -> Node717
Node added: Node718
Edge added: Node717 -> Node718
Node added: Node719
Edge added: Node718 -> Node719
Node added: Node720
Edge added: Node719 -> Node720
Node added: Node721
Edge added: Node720 -> Node721
Node added: Node722
Edge added: Node721 -> Node722
Node added: Node723
Edge added: Node722 -> Node723
Node added: Node724
Edge added: Node723 -> Node724
Node added: Node725
Edge added: Node724 -> Node725
Node added: Node726
Edge added: Node725 -> Node726
Node added: Node727
Edge added: Node726 -> Node727
Node added: Node728
Edge added: Node727 -> Node728
Node added: Node729
Edge added: Node728 -> Node729
Node added: Node730
Edge added: Node729 -> Node730
Node added: Node731
Edge added: Node730 -> Node731
Node added: Node732
Edge added: Node731 -> Node732
Node added: Node733
Edge added: Node732 -> Node733
Node added: Node734
Edge added: Node733 -> Node734
Node added: Node735
Edge added: Node734 -> Node735
Node added: Node736
Edge added: Node735 -> Node736
Node added: Node737
Edge added: Node736 -> Node737
Node added: Node738
Edge added: Node737 -> Node738
Node added: Node739
Edge added: Node738 -> Node739
Node added: Node740
Edge added: Node739 -> Node740
Node added: Node741
Edge added: Node740 -> Node741
Node added: Node742
Edge added: Node741 -> Node742
Node added: Node743
Edge added: Node742 -> Node743
Node added: Node744
Edge added: Node743 -> Node744
Node added: Node745
Edge added: Node744 -> Node745
Node added: Node746
Edge added: Node745 -> Node746
Node added: Node747
Edge added: Node746 -> Node747
Node added: Node748
Edge added: Node747 -> Node748
Node added: Node749
Edge added: Node748 -> Node749
Node added: Node750
Edge added: Node749 -> Node750
Node added: Node751
Edge added: Node750 -> Node751
Node added: Node752
Edge added: Node751 -> Node752
Node added: Node753
Edge added: Node752 -> Node753
Node added: Node754
Edge added: Node753 -> Node754
Node added: Node755
Edge added: Node754 -> Node755
Node added: Node756
Edge added: Node755 -> Node756
Node added: Node757
Edge added: Node756 -> Node757
Node added: Node758
Edge added: Node757 -> Node758
Node added: Node759
Edge added: Node758 -> Node759
Node added: Node760
Edge added: Node759 -> Node760
Node added: Node761
Edge added: Node760 -> Node761
Node added: Node762
Edge added: Node761 -> Node762
Node added: Node763
Edge added: Node762 -> Node763
Node added: Node764
Edge added: Node763 -> Node764
Node added: Node765
Edge added: Node764 -> Node765
Node added: Node766
Edge added: Node765 -> Node766
Node added: Node767
Edge added: Node766 -> Node767
Node added: Node768
Edge added: Node767 -> Node768
Node added: Node769
Edge added: Node768 -> Node769
Node added: Node770
Edge added: Node769 -> Node770
Node added: Node771
Edge added: Node770 -> Node771
Node added: Node772
Edge added: Node771 -> Node772
Node added: Node773
Edge added: Node772 -> Node773
Node added: Node774
Edge added: Node773 -> Node774
Node added: Node775
Edge added: Node774 -> Node775
Node added: Node776
Edge added: Node775 -> Node776
Node added: Node777
Edge added: Node776 -> Node777
Node added: Node778
Edge added: Node777 -> Node778
Node added: Node779
Edge added: Node778 -> Node779
Node added: Node780
Edge added: Node779 -> Node780
Node added: Node781
Edge added: Node780 -> Node781
Node added: Node782
Edge added: Node781 -> Node782
Node added: Node783
Edge added: Node782 -> Node783
Node added: Node784
Edge added: Node783 -> Node784
Node added: Node785
Edge added: Node784 -> Node785
Node added: Node786
Edge added: Node785 -> Node786
Node added: Node787
Edge added: Node786 -> Node787
Node added: Node788
Edge added: Node787 -> Node788
Node added: Node789
Edge added: Node788 -> Node789
Node added: Node790
Edge added: Node789 -> Node790
Node added: Node791
Edge added: Node790 -> Node791
Node added: Node792
Edge added: Node791 -> Node792
Node added: Node793
Edge added: Node792 -> Node793
Node added: Node794
Edge added: Node793 -> Node794
Node added: Node795
Edge added: Node794 -> Node795
Node added: Node796
Edge added: Node795 -> Node796
Node added: Node797
Edge added: Node796 -> Node797
Node added: Node798
Edge added: Node797 -> Node798
Node added: Node799
Edge added: Node798 -> Node799
Node added: Node800
Edge added: Node799 -> Node800
Node added: Node801
Edge added: Node800 -> Node801
Node added: Node802
Edge added: Node801 -> Node802
Node added: Node803
Edge added: Node802 -> Node803
Node added: Node804
Edge added: Node803 -> Node804
Node added: Node805
Edge added: Node804 -> Node805
Node added: Node806
Edge added: Node805 -> Node806
Node added: Node807
Edge added: Node806 -> Node807
Node added: Node808
Edge added: Node807 -> Node808
Node added: Node809
Edge added: Node808 -> Node809
Node added: Node810
Edge added: Node809 -> Node810
Node added: Node811
Edge added: Node810 -> Node811
Node added: Node812
Edge added: Node811 -> Node812
Node added: Node813
Edge added: Node812 -> Node813
Node added: Node814
Edge added: Node813 -> Node814
Node added: Node815
Edge added: Node814 -> Node815
Node added: Node816
Edge added: Node815 -> Node816
Node added: Node817
Edge added: Node816 -> Node817
Node added: Node818
Edge added: Node817 -> Node818
Node added: Node819
Edge added: Node818 -> Node819
Node added: Node820
Edge added: Node819 -> Node820
Node added: Node821
Edge added: Node820 -> Node821
Node added: Node822
Edge added: Node821 -> Node822
Node added: Node823
Edge added: Node822 -> Node823
Node added: Node824
Edge added: Node823 -> Node824
Node added: Node825
Edge added: Node824 -> Node825
Node added: Node826
Edge added: Node825 -> Node826
Node added: Node827
Edge added: Node826 -> Node827
Node added: Node828
Edge added: Node827 -> Node828
Node added: Node829
Edge added: Node828 -> Node829
Node added: Node830
Edge added: Node829 -> Node830
Node added: Node831
Edge added: Node830 -> Node831
Node added: Node832
Edge added: Node831 -> Node832
Node added: Node833
Edge added: Node832 -> Node833
Node added: Node834
Edge added: Node833 -> Node834
Node added: Node835
Edge added: Node834 -> Node835
Node added: Node836
Edge added: Node835 -> Node836
Node added: Node837
Edge added: Node836 -> Node837
Node added: Node838
Edge added: Node837 -> Node838
Node added: Node839
Edge added: Node838 -> Node839
Node added: Node840
Edge added: Node839 -> Node840
Node added: Node841
Edge added: Node840 -> Node841
Node added: Node842
Edge added: Node841 -> Node842
Node added: Node843
Edge added: Node842 -> Node843
Node added: Node844
Edge added: Node843 -> Node844
Node added: Node845
Edge added: Node844 -> Node845
Node added: Node846
Edge added: Node845 -> Node846
Node added: Node847
Edge added: Node846 -> Node847
Node added: Node848
Edge added: Node847 -> Node848
Node added: Node849
Edge added: Node848 -> Node849
Node added: Node850
Edge added: Node849 -> Node850
Node added: Node851
Edge added: Node850 -> Node851
Node added: Node852
Edge added: Node851 -> Node852
Node added: Node853
Edge added: Node852 -> Node853
Node added: Node854
Edge added: Node853 -> Node854
Node added: Node855
Edge added: Node854 -> Node855
Node added: Node856
Edge added: Node855 -> Node856
Node added: Node857
Edge added: Node856 -> Node857
Node added: Node858
Edge added: Node857 -> Node858
Node added: Node859
Edge added: Node858 -> Node859
Node added: Node860
Edge added: Node859 -> Node860
Node added: Node861
Edge added: Node860 -> Node861
Node added: Node862
Edge added: Node861 -> Node862
Node added: Node863
Edge added: Node862 -> Node863
Node added: Node864
Edge added: Node863 -> Node864
Node added: Node865
Edge added: Node864 -> Node865
Node added: Node866
Edge added: Node865 -> Node866
Node added: Node867
Edge added: Node866 -> Node867
Node added: Node868
Edge added: Node867 -> Node868
Node added: Node869
Edge added: Node868 -> Node869
Node added: Node870
Edge added: Node869 -> Node870
Node added: Node871
Edge added: Node870 -> Node871
Node added: Node872
Edge added: Node871 -> Node872
Node added: Node873
Edge added: Node872 -> Node873
Node added: Node874
Edge added: Node873 -> Node874
Node added: Node875
Edge added: Node874 -> Node875
Node added: Node876
Edge added: Node875 -> Node876
Node added: Node877
Edge added: Node876 -> Node877
Node added: Node878
Edge added: Node877 -> Node878
Node added: Node879
Edge added: Node878 -> Node879
Node added: Node880
Edge added: Node879 -> Node880
Node added: Node881
Edge added: Node880 -> Node881
Node added: Node882
Edge added: Node881 -> Node882
Node added: Node883
Edge added: Node882 -> Node883
Node added: Node884
Edge added: Node883 -> Node884
Node added: Node885
Edge added: Node884 -> Node885
Node added: Node886
Edge added: Node885 -> Node886
Node added: Node887
Edge added: Node886 -> Node887
Node added: Node888
Edge added: Node887 -> Node888
Node added: Node889
Edge added: Node888 -> Node889
Node added: Node890
Edge added: Node889 -> Node890
Node added: Node891
Edge added: Node890 -> Node891
Node added: Node892
Edge added: Node891 -> Node892
Node added: Node893
Edge added: Node892 -> Node893
Node added: Node894
Edge added: Node893 -> Node894
Node added: Node895
Edge added: Node894 -> Node895
Node added: Node896
Edge added: Node895 -> Node896
Node added: Node897
Edge added: Node896 -> Node897
Node added: Node898
Edge added: Node897 -> Node898
Node added: Node899
Edge added: Node898 -> Node899
Node added: Node900
Edge added: Node899 -> Node900
Node added: Node901
Edge added: Node900 -> Node901
Node added: Node902
Edge added: Node901 -> Node902
Node added: Node903
Edge added: Node902 -> Node903
Node added: Node904
Edge added: Node903 -> Node904
Node added: Node905
Edge added: Node904 -> Node905
Node added: Node906
Edge added: Node905 -> Node906
Node added: Node907
Edge added: Node906 -> Node907
Node added: Node908
Edge added: Node907 -> Node908
Node added: Node909
Edge added: Node908 -> Node909
Node added: Node910
Edge added: Node909 -> Node910
Node added: Node911
Edge added: Node910 -> Node911
Node added: Node912
Edge added: Node911 -> Node912
Node added: Node913
Edge added: Node912 -> Node913
Node added: Node914
Edge added: Node913 -> Node914
Node added: Node915
Edge added: Node914 -> Node915
Node added: Node916
Edge added: Node915 -> Node916
Node added: Node917
Edge added: Node916 -> Node917
Node added: Node918
Edge added: Node917 -> Node918
Node added: Node919
Edge added: Node918 -> Node919
Node added: Node920
Edge added: Node919 -> Node920
Node added: Node921
Edge added: Node920 -> Node921
Node added: Node922
Edge added: Node921 -> Node922
Node added: Node923
Edge added: Node922 -> Node923
Node added: Node924
Edge added: Node923 -> Node924
Node added: Node925
Edge added: Node924 -> Node925
Node added: Node926
Edge added: Node925 -> Node926
Node added: Node927
Edge added: Node926 -> Node927
Node added: Node928
Edge added: Node927 -> Node928
Node added: Node929
Edge added: Node928 -> Node929
Node added: Node930
Edge added: Node929 -> Node930
Node added: Node931
Edge added: Node930 -> Node931
Node added: Node932
Edge added: Node931 -> Node932
Node added: Node933
Edge added: Node932 -> Node933
Node added: Node934
Edge added: Node933 -> Node934
Node added: Node935
Edge added: Node934 -> Node935
Node added: Node936
Edge added: Node935 -> Node936
Node added: Node937
Edge added: Node936 -> Node937
Node added: Node938
Edge added: Node937 -> Node938
Node added: Node939
Edge added: Node938 -> Node939
Node added: Node940
Edge added: Node939 -> Node940
Node added: Node941
Edge added: Node940 -> Node941
Node added: Node942
Edge added: Node941 -> Node942
Node added: Node943
Edge added: Node942 -> Node943
Node added: Node944
Edge added: Node943 -> Node944
Node added: Node945
Edge added: Node944 -> Node945
Node added: Node946
Edge added: Node945 -> Node946
Node added: Node947
Edge added: Node946 -> Node947
Node added: Node948
Edge added: Node947 -> Node948
Node added: Node949
Edge added: Node948 -> Node949
Node added: Node950
Edge added: Node949 -> Node950
Node added: Node951
Edge added: Node950 -> Node951
Node added: Node952
Edge added: Node951 -> Node952
Node added: Node953
Edge added: Node952 -> Node953
Node added: Node954
Edge added: Node953 -> Node954
Node added: Node955
Edge added: Node954 -> Node955
Node added: Node956
Edge added: Node955 -> Node956
Node added: Node957
Edge added: Node956 -> Node957
Node added: Node958
Edge added: Node957 -> Node958
Node added: Node959
Edge added: Node958 -> Node959
Node added: Node960
Edge added: Node959 -> Node960
Node added: Node961
Edge added: Node960 -> Node961
Node added: Node962
Edge added: Node961 -> Node962
Node added: Node963
Edge added: Node962 -> Node963
Node added: Node964
Edge added: Node963 -> Node964
Node added: Node965
Edge added: Node964 -> Node965
Node added: Node966
Edge added: Node965 -> Node966
Node added: Node967
Edge added: Node966 -> Node967
Node added: Node968
Edge added: Node967 -> Node968
Node added: Node969
Edge added: Node968 -> Node969
Node added: Node970
Edge added: Node969 -> Node970
Node added: Node971
Edge added: Node970 -> Node971
Node added: Node972
Edge added: Node971 -> Node972
Node added: Node973
Edge added: Node972 -> Node973
Node added: Node974
Edge added: Node973 -> Node974
Node added: Node975
Edge added: Node974 -> Node975
Node added: Node976
Edge added: Node975 -> Node976
Node added: Node977
Edge added: Node976 -> Node977
Node added: Node978
Edge added: Node977 -> Node978
Node added: Node979
Edge added: Node978 -> Node979
Node added: Node980
Edge added: Node979 -> Node980
Node added: Node981
Edge added: Node980 -> Node981
Node added: Node982
Edge added: Node981 -> Node982
Node added: Node983
Edge added: Node982 -> Node983
Node added: Node984
Edge added: Node983 -> Node984
Node added: Node985
Edge added: Node984 -> Node985
Node added: Node986
Edge added: Node985 -> Node986
Node added: Node987
Edge added: Node986 -> Node987
Node added: Node988
Edge added: Node987 -> Node988
Node added: Node989
Edge added: Node988 -> Node989
Node added: Node990
Edge added: Node989 -> Node990
Node added: Node991
Edge added: Node990 -> Node991
Node added: Node992
Edge added: Node991 -> Node992
Node added: Node993
Edge added: Node992 -> Node993
Node added: Node994
Edge added: Node993 -> Node994
Node added: Node995
Edge added: Node994 -> Node995
Node added: Node996
Edge added: Node995 -> Node996
Node added: Node997
Edge added: Node996 -> Node997
Node added: Node998
Edge added: Node997 -> Node998
Node added: Node999
Edge added: Node998 -> Node999
]]></system-out>
  </testcase>
  <testcase name="testGraphSearchSingleNodePath" classname="GraphParserTest" time="0.003">
    <system-out><![CDATA[Node added: A
]]></system-out>
  </testcase>
  <testcase name="testRemoveNodes" classname="GraphParserTest" time="0.009">
    <system-out><![CDATA[Node added: A
Node added: B
Node added: C
Node removed: A
Node removed: C
]]></system-out>
  </testcase>
  <testcase name="testGraphSearchDFS_NoPath" classname="GraphParserTest" time="0.003">
    <system-out><![CDATA[Node added: A
Node added: B
Node added: C
Edge added: A -> B
]]></system-out>
  </testcase>
  <testcase name="testRemoveEdge" classname="GraphParserTest" time="0.004">
    <system-out><![CDATA[Node added: A
Node added: B
Edge added: A -> B
Edge removed: A -> B
]]></system-out>
  </testcase>
  <testcase name="testRemoveNode" classname="GraphParserTest" time="0.003">
    <system-out><![CDATA[Node added: A
Node added: B
Node removed: A
]]></system-out>
  </testcase>
  <testcase name="testOutputGraphics" classname="GraphParserTest" time="0.868">
    <system-out><![CDATA[Node added: A
Node added: B
Edge added: A -> B
Graph exported to graphics file: C:\Users\jacob\AppData\Local\Temp\junit9177522862978060828\output.png
]]></system-out>
    <system-err><![CDATA[[main] INFO guru.nidi.graphviz.engine.GraphvizCmdLineEngine - input  file:///C:/Users/jacob/AppData/Local/Temp/GraphvizJava/DotEngine704788705432904487/dotfile.dot
[main] INFO guru.nidi.graphviz.service.CommandLineExecutor - executing command [cmd, /C, dot.exe -Kdot -Tsvg  C:\Users\jacob\AppData\Local\Temp\GraphvizJava\DotEngine704788705432904487\dotfile.dot -ooutfile.svg]
[main] INFO guru.nidi.graphviz.engine.GraphvizCmdLineEngine - output file:///C:/Users/jacob/AppData/Local/Temp/GraphvizJava/DotEngine704788705432904487/outfile.svg
]]></system-err>
  </testcase>
  <testcase name="testRemoveNonExistentEdge" classname="GraphParserTest" time="0.003">
    <system-out><![CDATA[Node added: A
Node added: B
]]></system-out>
  </testcase>
  <testcase name="testRemoveNonExistentNode" classname="GraphParserTest" time="0.002"/>
  <testcase name="testGraphSearchNoPathExists" classname="GraphParserTest" time="0.001">
    <system-out><![CDATA[Node added: A
Node added: B
Node added: C
Edge added: A -> B
]]></system-out>
  </testcase>
  <testcase name="testGraphSearchDFS_PathExists" classname="GraphParserTest" time="0.002">
    <system-out><![CDATA[Node added: A
Node added: B
Node added: C
Edge added: A -> B
Edge added: B -> C
]]></system-out>
  </testcase>
  <testcase name="testParseCyclicGraph" classname="GraphParserTest" time="0.005">
    <system-out><![CDATA[Number of Nodes: 3
Nodes: [a, b, c]
Number of Edges: 3
a -> b
b -> c
c -> a
]]></system-out>
  </testcase>
  <testcase name="testGraphSearchPathExists" classname="GraphParserTest" time="0.001">
    <system-out><![CDATA[Node added: A
Node added: B
Node added: C
Edge added: A -> B
Edge added: B -> C
]]></system-out>
  </testcase>
  <testcase name="testAddEdgeWithNonExistentNodes" classname="GraphParserTest" time="0.002"/>
  <testcase name="testParseEmptyGraph" classname="GraphParserTest" time="0.003">
    <system-out><![CDATA[Number of Nodes: 0
Nodes: []
Number of Edges: 0
]]></system-out>
  </testcase>
</testsuite>